2024-10-13 07:23:38 [INFO]: GET /api/apods?count=50 - ::1
2024-10-13 07:23:45 [INFO]: GET / - ::1
2024-10-13 07:23:47 [INFO]: GET /favicon.ico - ::1
2024-10-13 07:31:32 [INFO]: GET /api/apods - ::1
2024-10-13 07:32:00 [INFO]: GET /api/apods?count=10 - ::1
2024-10-13 07:35:30 [INFO]: GET /api/apods?count=50 - ::1
2024-10-13 07:36:16 [INFO]: GET /api/apods?count=50 - ::1
2024-10-13 07:36:35 [INFO]: GET /api/apods?count=50 - ::1
2024-10-13 07:39:00 [INFO]: GET /api/apods?count=50 - ::1
2024-10-13 07:39:35 [INFO]: GET /api/apods?count=50 - ::1
2024-10-13 07:40:27 [INFO]: GET /api/apods?count=50 - ::1
2024-10-13 07:40:38 [INFO]: GET /api/apods?count=50 - ::1
2024-10-13 07:40:51 [INFO]: GET /api/apods?count=50 - ::1
2024-10-13 07:41:04 [INFO]: GET /api/apods?count=50 - ::1
2024-10-13 07:41:32 [INFO]: GET /api/apods?count=50 - ::1
2024-10-13 07:41:47 [INFO]: GET /api/apods?count=50 - ::1
2024-10-13 07:42:06 [INFO]: GET /api/apods?count=50 - ::1
2024-10-13 07:42:51 [INFO]: GET /api/apods?count=50 - ::1
2024-10-13 07:43:14 [INFO]: GET /api/apods?count=50 - ::1
2024-10-13 07:43:17 [INFO]: GET /api/apods?count=50 - ::1
2024-10-13 07:43:51 [INFO]: GET /api/apods?count=50 - ::1
2024-10-13 07:43:57 [INFO]: GET /api/apods?count=50 - ::1
2024-10-13 07:44:00 [INFO]: GET /api/apods?count=50 - ::1
2024-10-13 07:44:26 [INFO]: GET /api/apods?count=50 - ::1
2024-10-13 07:44:29 [INFO]: GET /api/apods?count=50 - ::1
2024-10-13 07:44:55 [INFO]: GET /api/apods?count=50 - ::1
2024-10-13 07:44:58 [INFO]: GET /api/apods?count=50 - ::1
2024-10-13 07:45:24 [INFO]: GET /api/apods?count=50 - ::1
2024-10-13 07:45:27 [INFO]: GET /api/apods?count=50 - ::1
2024-10-13 07:45:42 [INFO]: GET /api/apods?count=50 - ::1
2024-10-13 07:45:45 [INFO]: GET /api/apods?count=50 - ::1
2024-10-13 07:46:29 [INFO]: GET /api/apods?count=50 - ::1
2024-10-13 07:46:31 [INFO]: GET /api/apods?count=50 - ::1
2024-10-13 07:47:00 [INFO]: GET /api/apods?count=50 - ::1
2024-10-13 07:48:47 [INFO]: GET /api/apods?count=50 - ::1
2024-10-13 07:49:57 [INFO]: GET /api/apods?count=50 - ::1
2024-10-13 07:50:31 [INFO]: GET /api/apods?count=50 - ::1
2024-10-13 07:50:44 [INFO]: GET /api/apods?count=50 - ::1
2024-10-13 07:53:31 [INFO]: GET /api/apods?count=50 - ::1
2024-10-13 07:55:05 [INFO]: GET /api/apods?count=50 - ::1
2024-10-13 07:55:53 [INFO]: GET /api/apods?count=50 - ::1
2024-10-13 07:56:06 [INFO]: GET /api/apods?count=50 - ::1
2024-10-13 07:56:31 [INFO]: GET /api/apods?count=50 - ::1
2024-10-13 08:12:26 [INFO]: GET /api/apods?count=50 - ::1
2024-10-13 08:12:31 [INFO]: GET /api/apods?count=50 - ::1
2024-10-13 08:13:50 [INFO]: GET /api/apods?count=50 - ::1
2024-10-13 08:14:15 [INFO]: GET /api/apods?count=50 - ::1
2024-10-13 08:14:34 [INFO]: GET /api/apods?count=50 - ::1
2024-10-13 08:14:53 [INFO]: GET /api/apods?count=50 - ::1
2024-10-13 08:15:50 [INFO]: GET /api/apods?count=50 - ::1
2024-10-13 08:16:00 [INFO]: GET /api/apods?count=50 - ::1
2024-10-13 08:16:08 [INFO]: GET /api/apods?count=50 - ::1
2024-10-13 08:17:05 [INFO]: GET /api/apods?count=50 - ::1
2024-10-13 08:18:17 [INFO]: GET /api/apods?count=50 - ::1
2024-10-13 08:19:33 [INFO]: GET /api/apod - ::1
2024-10-13 08:20:39 [INFO]: GET /api/apod - ::1
2024-10-13 08:21:50 [INFO]: GET /api/apod - ::1
2024-10-13 08:22:27 [INFO]: GET /favicon.ico - ::1
2024-10-13 08:23:53 [INFO]: GET /api/apod - ::1
2024-10-13 08:24:55 [INFO]: GET /api/apod - ::1
2024-10-13 08:25:13 [INFO]: GET /api/apod - ::1
2024-10-13 08:25:36 [INFO]: GET /api/apod - ::1
2024-10-13 08:25:54 [INFO]: GET /api/apod - ::1
2024-10-13 08:26:16 [INFO]: GET /api/apod - ::1
2024-10-13 08:26:43 [INFO]: GET /api/apod - ::1
2024-10-13 08:26:47 [INFO]: GET /api/apod - ::1
2024-10-13 08:27:26 [INFO]: GET /api/apod - ::1
2024-10-13 08:27:46 [INFO]: GET /api/apod - ::1
2024-10-13 08:28:11 [INFO]: GET /api/apod - ::1
2024-10-13 08:29:17 [INFO]: GET /api/apod - ::1
2024-10-13 08:29:48 [INFO]: GET /api/apod - ::1
2024-10-13 08:31:03 [INFO]: GET /api/apod - ::1
2024-10-13 08:31:41 [INFO]: GET /api/apod - ::1
2024-10-13 08:32:11 [INFO]: GET /api/apod - ::1
2024-10-13 08:32:51 [INFO]: GET /api/apod - ::1
2024-10-13 08:33:11 [INFO]: GET /api/apod - ::1
2024-10-13 08:33:32 [INFO]: GET /api/apod - ::1
2024-10-13 08:33:57 [INFO]: GET /api/apod - ::1
2024-10-13 08:34:23 [INFO]: GET /api/apod - ::1
2024-10-13 08:34:30 [INFO]: GET /api/apods?count=50 - ::1
2024-10-13 08:37:25 [INFO]: GET /api/apods?count=50 - ::1
2024-10-13 08:38:44 [INFO]: GET /api/apods?count=50 - ::1
2024-10-13 08:39:13 [INFO]: GET /api/apods?count=50 - ::1
2024-10-13 08:39:36 [INFO]: GET /api/apods?count=50 - ::1
2024-10-13 08:40:08 [INFO]: GET /api/apods?count=50 - ::1
2024-10-13 08:40:15 [INFO]: GET /api/apod - ::1
2024-10-13 08:40:48 [INFO]: GET /api/apod - ::1
2024-10-13 08:40:56 [INFO]: GET /api/apod - ::1
2024-10-13 08:52:50 [INFO]: GET /api/apods?count=50 - ::1
2024-10-13 08:54:11 [INFO]: GET /api/apods?count=50 - ::1
2024-10-13 08:54:18 [INFO]: GET /api/apods?count=50 - ::1
2024-10-13 08:55:22 [INFO]: GET /api/apods?count=50 - ::1
2024-10-13 08:56:08 [INFO]: GET /api/apods?count=50 - ::1
2024-10-13 08:56:35 [INFO]: GET /api/apods?count=50 - ::1
2024-10-13 08:56:50 [INFO]: GET /api/apods?count=50 - ::1
2024-10-13 08:57:25 [INFO]: GET /api/apods?count=50 - ::1
2024-10-13 08:58:14 [INFO]: GET /api/apods?count=50 - ::1
2024-10-13 08:58:42 [INFO]: GET /api/apods?count=50 - ::1
2024-10-13 08:59:07 [INFO]: GET /api/apods?count=50 - ::1
2024-10-13 08:59:21 [INFO]: GET /api/apods?count=50 - ::1
2024-10-13 09:02:24 [INFO]: GET /api/apods?count=50 - ::1
2024-10-13 16:58:02 [INFO]: GET /api/apods?count=50 - ::1
2024-10-13 16:58:14 [INFO]: GET /api/apods?count=10 - ::1
2024-10-13 16:58:24 [INFO]: GET /api/apods?count=10 - ::1
2024-10-13 16:58:50 [INFO]: GET /api/apods?count=10 - ::1
2024-10-13 16:59:08 [INFO]: GET /api/apods?count=5 - ::1
2024-10-13 16:59:40 [INFO]: GET /api/apods?count=5&start_date=2024-10-01&end_date=2024-10-10 - ::1
2024-10-13 17:00:11 [INFO]: GET /api/apods?count=5&start_date=2024-10-01&end_date=2024-10-08 - ::1
2024-10-13 17:02:38 [INFO]: GET /api/apods?count=5&start_date=2024-10-01&end_date=2024-10-08 - ::1
2024-10-13 17:04:35 [INFO]: GET /api/apods?count=5&start_date=2024-10-01&end_date=2024-10-08 - ::1
2024-10-13 17:04:54 [INFO]: GET /api/apods?count=5&start_date=2024-10-01&end_date=2024-10-08 - ::1
2024-10-13 17:05:16 [INFO]: GET /api/apods?count=5&start_date=2024-10-01&end_date=2024-10-08 - ::1
2024-10-13 17:05:32 [INFO]: GET /api/apods?count=5&start_date=2024-10-01&end_date=2024-10-08 - ::1
2024-10-13 17:05:51 [INFO]: GET /api/apods?count=5&start_date=2024-10-01&end_date=2024-10-08 - ::1
2024-10-13 17:07:20 [INFO]: GET /api/apods?count=5&start_date=2024-10-01&end_date=2024-10-08 - ::1
2024-10-13 17:07:25 [INFO]: GET /api/apods?count=10 - ::1
2024-10-13 17:07:55 [INFO]: GET /api/apods?count=10 - ::1
2024-10-13 17:07:58 [INFO]: GET /api/apods?count=10 - ::1
2024-10-13 17:08:08 [INFO]: GET /api/apod - ::1
2024-10-13 17:08:11 [INFO]: GET /api/apods?count=10 - ::1
2024-10-13 17:08:23 [INFO]: GET /api/apods?count=10 - ::1
2024-10-13 17:10:05 [INFO]: GET /api/apods?count=10 - ::1
2024-10-13 17:10:37 [INFO]: GET /api/apods?count=10 - ::1
2024-10-13 17:10:57 [INFO]: GET /api/apods?count=10 - ::1
2024-10-13 17:11:25 [INFO]: GET /api/apods?count=10 - ::1
